ARM GAS  /tmp/ccBPbofR.s 			page 1


   1              		.cpu cortex-m33
   2              		.arch armv8-m.main
   3              		.fpu fpv4-sp-d16
   4              		.arch_extension dsp
   5              		.eabi_attribute 27, 1
   6              		.eabi_attribute 28, 1
   7              		.eabi_attribute 20, 1
   8              		.eabi_attribute 21, 1
   9              		.eabi_attribute 23, 3
  10              		.eabi_attribute 24, 1
  11              		.eabi_attribute 25, 1
  12              		.eabi_attribute 26, 1
  13              		.eabi_attribute 30, 1
  14              		.eabi_attribute 34, 1
  15              		.eabi_attribute 18, 4
  16              		.file	"usb_device.c"
  17              		.text
  18              	.Ltext0:
  19              		.cfi_sections	.debug_frame
  20              		.file 1 "USB_Device/App/usb_device.c"
  21              		.section	.text.MX_USB_Device_Init,"ax",%progbits
  22              		.align	1
  23              		.global	MX_USB_Device_Init
  24              		.syntax unified
  25              		.thumb
  26              		.thumb_func
  28              	MX_USB_Device_Init:
  29              	.LFB156:
   1:USB_Device/App/usb_device.c **** /* USER CODE BEGIN Header */
   2:USB_Device/App/usb_device.c **** /**
   3:USB_Device/App/usb_device.c ****   ******************************************************************************
   4:USB_Device/App/usb_device.c ****   * @file           : usb_device.c
   5:USB_Device/App/usb_device.c ****   * @version        : v3.0_Cube
   6:USB_Device/App/usb_device.c ****   * @brief          : This file implements the USB Device
   7:USB_Device/App/usb_device.c ****   ******************************************************************************
   8:USB_Device/App/usb_device.c ****   * @attention
   9:USB_Device/App/usb_device.c ****   *
  10:USB_Device/App/usb_device.c ****   * Copyright (c) 2023 STMicroelectronics.
  11:USB_Device/App/usb_device.c ****   * All rights reserved.
  12:USB_Device/App/usb_device.c ****   *
  13:USB_Device/App/usb_device.c ****   * This software is licensed under terms that can be found in the LICENSE file
  14:USB_Device/App/usb_device.c ****   * in the root directory of this software component.
  15:USB_Device/App/usb_device.c ****   * If no LICENSE file comes with this software, it is provided AS-IS.
  16:USB_Device/App/usb_device.c ****   *
  17:USB_Device/App/usb_device.c ****   ******************************************************************************
  18:USB_Device/App/usb_device.c ****   */
  19:USB_Device/App/usb_device.c **** /* USER CODE END Header */
  20:USB_Device/App/usb_device.c **** 
  21:USB_Device/App/usb_device.c **** /* Includes ------------------------------------------------------------------*/
  22:USB_Device/App/usb_device.c **** 
  23:USB_Device/App/usb_device.c **** #include "usb_device.h"
  24:USB_Device/App/usb_device.c **** #include "usbd_core.h"
  25:USB_Device/App/usb_device.c **** #include "usbd_desc.h"
  26:USB_Device/App/usb_device.c **** #include "usbd_hid.h"
  27:USB_Device/App/usb_device.c **** 
  28:USB_Device/App/usb_device.c **** /* USER CODE BEGIN Includes */
  29:USB_Device/App/usb_device.c **** 
ARM GAS  /tmp/ccBPbofR.s 			page 2


  30:USB_Device/App/usb_device.c **** /* USER CODE END Includes */
  31:USB_Device/App/usb_device.c **** 
  32:USB_Device/App/usb_device.c **** /* USER CODE BEGIN PV */
  33:USB_Device/App/usb_device.c **** /* Private variables ---------------------------------------------------------*/
  34:USB_Device/App/usb_device.c **** 
  35:USB_Device/App/usb_device.c **** /* USER CODE END PV */
  36:USB_Device/App/usb_device.c **** 
  37:USB_Device/App/usb_device.c **** /* USER CODE BEGIN PFP */
  38:USB_Device/App/usb_device.c **** /* Private function prototypes -----------------------------------------------*/
  39:USB_Device/App/usb_device.c **** 
  40:USB_Device/App/usb_device.c **** /* USER CODE END PFP */
  41:USB_Device/App/usb_device.c **** 
  42:USB_Device/App/usb_device.c **** extern void Error_Handler(void);
  43:USB_Device/App/usb_device.c **** /* USB Device Core handle declaration. */
  44:USB_Device/App/usb_device.c **** USBD_HandleTypeDef hUsbDeviceFS;
  45:USB_Device/App/usb_device.c **** extern USBD_DescriptorsTypeDef HID_Desc;
  46:USB_Device/App/usb_device.c **** 
  47:USB_Device/App/usb_device.c **** /*
  48:USB_Device/App/usb_device.c ****  * -- Insert your variables declaration here --
  49:USB_Device/App/usb_device.c ****  */
  50:USB_Device/App/usb_device.c **** /* USER CODE BEGIN 0 */
  51:USB_Device/App/usb_device.c **** 
  52:USB_Device/App/usb_device.c **** /* USER CODE END 0 */
  53:USB_Device/App/usb_device.c **** 
  54:USB_Device/App/usb_device.c **** /*
  55:USB_Device/App/usb_device.c ****  * -- Insert your external function declaration here --
  56:USB_Device/App/usb_device.c ****  */
  57:USB_Device/App/usb_device.c **** /* USER CODE BEGIN 1 */
  58:USB_Device/App/usb_device.c **** 
  59:USB_Device/App/usb_device.c **** /* USER CODE END 1 */
  60:USB_Device/App/usb_device.c **** 
  61:USB_Device/App/usb_device.c **** /**
  62:USB_Device/App/usb_device.c ****   * Init USB device Library, add supported class and start the library
  63:USB_Device/App/usb_device.c ****   * @retval None
  64:USB_Device/App/usb_device.c ****   */
  65:USB_Device/App/usb_device.c **** void MX_USB_Device_Init(void)
  66:USB_Device/App/usb_device.c **** {
  30              		.loc 1 66 1 view -0
  31              		.cfi_startproc
  32              		@ args = 0, pretend = 0, frame = 0
  33              		@ frame_needed = 0, uses_anonymous_args = 0
  34 0000 08B5     		push	{r3, lr}
  35              	.LCFI0:
  36              		.cfi_def_cfa_offset 8
  37              		.cfi_offset 3, -8
  38              		.cfi_offset 14, -4
  67:USB_Device/App/usb_device.c ****   /* USER CODE BEGIN USB_Device_Init_PreTreatment */
  68:USB_Device/App/usb_device.c **** 
  69:USB_Device/App/usb_device.c ****   /* USER CODE END USB_Device_Init_PreTreatment */
  70:USB_Device/App/usb_device.c **** 
  71:USB_Device/App/usb_device.c ****   /* Init Device Library, add supported class and start the library. */
  72:USB_Device/App/usb_device.c ****   if (USBD_Init(&hUsbDeviceFS, &HID_Desc, DEVICE_FS) != USBD_OK) {
  39              		.loc 1 72 3 view .LVU1
  40              		.loc 1 72 7 is_stmt 0 view .LVU2
  41 0002 0022     		movs	r2, #0
  42 0004 0B49     		ldr	r1, .L9
  43 0006 0C48     		ldr	r0, .L9+4
ARM GAS  /tmp/ccBPbofR.s 			page 3


  44 0008 FFF7FEFF 		bl	USBD_Init
  45              	.LVL0:
  46              		.loc 1 72 6 view .LVU3
  47 000c 48B9     		cbnz	r0, .L6
  48              	.L2:
  73:USB_Device/App/usb_device.c ****     Error_Handler();
  74:USB_Device/App/usb_device.c ****   }
  75:USB_Device/App/usb_device.c ****   if (USBD_RegisterClass(&hUsbDeviceFS, &USBD_HID) != USBD_OK) {
  49              		.loc 1 75 3 is_stmt 1 view .LVU4
  50              		.loc 1 75 7 is_stmt 0 view .LVU5
  51 000e 0B49     		ldr	r1, .L9+8
  52 0010 0948     		ldr	r0, .L9+4
  53 0012 FFF7FEFF 		bl	USBD_RegisterClass
  54              	.LVL1:
  55              		.loc 1 75 6 view .LVU6
  56 0016 38B9     		cbnz	r0, .L7
  57              	.L3:
  76:USB_Device/App/usb_device.c ****     Error_Handler();
  77:USB_Device/App/usb_device.c ****   }
  78:USB_Device/App/usb_device.c ****   if (USBD_Start(&hUsbDeviceFS) != USBD_OK) {
  58              		.loc 1 78 3 is_stmt 1 view .LVU7
  59              		.loc 1 78 7 is_stmt 0 view .LVU8
  60 0018 0748     		ldr	r0, .L9+4
  61 001a FFF7FEFF 		bl	USBD_Start
  62              	.LVL2:
  63              		.loc 1 78 6 view .LVU9
  64 001e 30B9     		cbnz	r0, .L8
  65              	.L1:
  79:USB_Device/App/usb_device.c ****     Error_Handler();
  80:USB_Device/App/usb_device.c ****   }
  81:USB_Device/App/usb_device.c ****   /* USER CODE BEGIN USB_Device_Init_PostTreatment */
  82:USB_Device/App/usb_device.c **** 
  83:USB_Device/App/usb_device.c ****   /* USER CODE END USB_Device_Init_PostTreatment */
  84:USB_Device/App/usb_device.c **** }
  66              		.loc 1 84 1 view .LVU10
  67 0020 08BD     		pop	{r3, pc}
  68              	.L6:
  73:USB_Device/App/usb_device.c ****   }
  69              		.loc 1 73 5 is_stmt 1 view .LVU11
  70 0022 FFF7FEFF 		bl	Error_Handler
  71              	.LVL3:
  72 0026 F2E7     		b	.L2
  73              	.L7:
  76:USB_Device/App/usb_device.c ****     Error_Handler();
  74              		.loc 1 76 5 view .LVU12
  75 0028 FFF7FEFF 		bl	Error_Handler
  76              	.LVL4:
  77 002c F4E7     		b	.L3
  78              	.L8:
  79:USB_Device/App/usb_device.c ****     Error_Handler();
  79              		.loc 1 79 5 view .LVU13
  80 002e FFF7FEFF 		bl	Error_Handler
  81              	.LVL5:
  82              		.loc 1 84 1 is_stmt 0 view .LVU14
  83 0032 F5E7     		b	.L1
  84              	.L10:
  85              		.align	2
ARM GAS  /tmp/ccBPbofR.s 			page 4


  86              	.L9:
  87 0034 00000000 		.word	HID_Desc
  88 0038 00000000 		.word	hUsbDeviceFS
  89 003c 00000000 		.word	USBD_HID
  90              		.cfi_endproc
  91              	.LFE156:
  93              		.global	hUsbDeviceFS
  94              		.section	.bss.hUsbDeviceFS,"aw",%nobits
  95              		.align	2
  98              	hUsbDeviceFS:
  99 0000 00000000 		.space	732
  99      00000000 
  99      00000000 
  99      00000000 
  99      00000000 
 100              		.text
 101              	.Letext0:
 102              		.file 2 "/home/yul/toolchain/arm-gnu-toolchain-12.2.rel1-x86_64-arm-none-eabi/arm-none-eabi/includ
 103              		.file 3 "/home/yul/toolchain/arm-gnu-toolchain-12.2.rel1-x86_64-arm-none-eabi/arm-none-eabi/includ
 104              		.file 4 "Middlewares/ST/STM32_USB_Device_Library/Core/Inc/usbd_def.h"
 105              		.file 5 "USB_Device/App/usbd_desc.h"
 106              		.file 6 "Middlewares/ST/STM32_USB_Device_Library/Class/HID/Inc/usbd_hid.h"
 107              		.file 7 "Middlewares/ST/STM32_USB_Device_Library/Core/Inc/usbd_core.h"
ARM GAS  /tmp/ccBPbofR.s 			page 5


DEFINED SYMBOLS
                            *ABS*:0000000000000000 usb_device.c
     /tmp/ccBPbofR.s:22     .text.MX_USB_Device_Init:0000000000000000 $t
     /tmp/ccBPbofR.s:28     .text.MX_USB_Device_Init:0000000000000000 MX_USB_Device_Init
     /tmp/ccBPbofR.s:87     .text.MX_USB_Device_Init:0000000000000034 $d
     /tmp/ccBPbofR.s:98     .bss.hUsbDeviceFS:0000000000000000 hUsbDeviceFS
     /tmp/ccBPbofR.s:95     .bss.hUsbDeviceFS:0000000000000000 $d

UNDEFINED SYMBOLS
USBD_Init
USBD_RegisterClass
USBD_Start
Error_Handler
HID_Desc
USBD_HID
